<?xml version="1.0" encoding="UTF-8"?>
<testng-results ignored="0" total="32" passed="32" failed="0" skipped="0">
  <reporter-output>
  </reporter-output>
  <suite started-at="2023-01-02T17:07:52 IST" name="Suite" finished-at="2023-01-02T17:14:53 IST" duration-ms="420728">
    <groups>
    </groups>
    <test started-at="2023-01-02T17:07:52 IST" name="Test" finished-at="2023-01-02T17:14:53 IST" duration-ms="420728">
      <class name="sample.EXCHANGE_MONEY">
        <test-method is-config="true" signature="setup()[pri:0, instance:sample.EXCHANGE_MONEY@5cee5251]" started-at="2023-01-02T17:11:56 IST" name="setup" finished-at="2023-01-02T17:12:03 IST" duration-ms="6928" status="PASS">
          <reporter-output>
          </reporter-output>
        </test-method> <!-- setup -->
        <test-method is-config="true" signature="login()[pri:0, instance:sample.EXCHANGE_MONEY@5cee5251]" started-at="2023-01-02T17:12:03 IST" name="login" finished-at="2023-01-02T17:12:08 IST" duration-ms="4604" status="PASS">
          <reporter-output>
          </reporter-output>
        </test-method> <!-- login -->
        <test-method signature="EXCHANGEMONEY(java.lang.String,java.lang.String,java.lang.String,java.lang.String)[pri:0, instance:sample.EXCHANGE_MONEY@5cee5251]" started-at="2023-01-02T17:12:08 IST" name="EXCHANGEMONEY" data-provider="EXCHANGEMONEY" finished-at="2023-01-02T17:12:12 IST" duration-ms="4133" status="PASS">
          <params>
            <param index="0">
              <value>
                <![CDATA[1]]>
              </value>
            </param>
            <param index="1">
              <value>
                <![CDATA[2]]>
              </value>
            </param>
            <param index="2">
              <value>
                <![CDATA[50]]>
              </value>
            </param>
            <param index="3">
              <value>
                <![CDATA[GOOD]]>
              </value>
            </param>
          </params>
          <reporter-output>
          </reporter-output>
        </test-method> <!-- EXCHANGEMONEY -->
        <test-method is-config="true" signature="logout()[pri:0, instance:sample.EXCHANGE_MONEY@5cee5251]" started-at="2023-01-02T17:12:12 IST" name="logout" finished-at="2023-01-02T17:12:15 IST" duration-ms="3298" status="PASS">
          <reporter-output>
          </reporter-output>
        </test-method> <!-- logout -->
        <test-method is-config="true" signature="login()[pri:0, instance:sample.EXCHANGE_MONEY@5cee5251]" started-at="2023-01-02T17:12:15 IST" name="login" finished-at="2023-01-02T17:12:19 IST" duration-ms="3433" status="PASS">
          <reporter-output>
          </reporter-output>
        </test-method> <!-- login -->
        <test-method signature="EXCHANGEMONEY(java.lang.String,java.lang.String,java.lang.String,java.lang.String)[pri:0, instance:sample.EXCHANGE_MONEY@5cee5251]" started-at="2023-01-02T17:12:19 IST" name="EXCHANGEMONEY" data-provider="EXCHANGEMONEY" finished-at="2023-01-02T17:12:24 IST" duration-ms="4796" status="PASS">
          <params>
            <param index="0">
              <value>
                <![CDATA[2]]>
              </value>
            </param>
            <param index="1">
              <value>
                <![CDATA[1]]>
              </value>
            </param>
            <param index="2">
              <value>
                <![CDATA[100]]>
              </value>
            </param>
            <param index="3">
              <value>
                <![CDATA[VOOD]]>
              </value>
            </param>
          </params>
          <reporter-output>
          </reporter-output>
        </test-method> <!-- EXCHANGEMONEY -->
        <test-method is-config="true" signature="logout()[pri:0, instance:sample.EXCHANGE_MONEY@5cee5251]" started-at="2023-01-02T17:12:24 IST" name="logout" finished-at="2023-01-02T17:12:26 IST" duration-ms="2871" status="PASS">
          <reporter-output>
          </reporter-output>
        </test-method> <!-- logout -->
        <test-method is-config="true" signature="login()[pri:0, instance:sample.EXCHANGE_MONEY@5cee5251]" started-at="2023-01-02T17:12:26 IST" name="login" finished-at="2023-01-02T17:12:34 IST" duration-ms="7407" status="PASS">
          <reporter-output>
          </reporter-output>
        </test-method> <!-- login -->
        <test-method signature="EXCHANGEMONEY(java.lang.String,java.lang.String,java.lang.String,java.lang.String)[pri:0, instance:sample.EXCHANGE_MONEY@5cee5251]" started-at="2023-01-02T17:12:34 IST" name="EXCHANGEMONEY" data-provider="EXCHANGEMONEY" finished-at="2023-01-02T17:12:38 IST" duration-ms="4482" status="PASS">
          <params>
            <param index="0">
              <value>
                <![CDATA[1]]>
              </value>
            </param>
            <param index="1">
              <value>
                <![CDATA[2]]>
              </value>
            </param>
            <param index="2">
              <value>
                <![CDATA[100]]>
              </value>
            </param>
            <param index="3">
              <value>
                <![CDATA[TOOD]]>
              </value>
            </param>
          </params>
          <reporter-output>
          </reporter-output>
        </test-method> <!-- EXCHANGEMONEY -->
        <test-method is-config="true" signature="logout()[pri:0, instance:sample.EXCHANGE_MONEY@5cee5251]" started-at="2023-01-02T17:12:38 IST" name="logout" finished-at="2023-01-02T17:12:40 IST" duration-ms="1931" status="PASS">
          <reporter-output>
          </reporter-output>
        </test-method> <!-- logout -->
        <test-method is-config="true" signature="login()[pri:0, instance:sample.EXCHANGE_MONEY@5cee5251]" started-at="2023-01-02T17:12:40 IST" name="login" finished-at="2023-01-02T17:12:43 IST" duration-ms="3045" status="PASS">
          <reporter-output>
          </reporter-output>
        </test-method> <!-- login -->
        <test-method signature="EXCHANGEMONEY(java.lang.String,java.lang.String,java.lang.String,java.lang.String)[pri:0, instance:sample.EXCHANGE_MONEY@5cee5251]" started-at="2023-01-02T17:12:43 IST" name="EXCHANGEMONEY" data-provider="EXCHANGEMONEY" finished-at="2023-01-02T17:12:47 IST" duration-ms="3849" status="PASS">
          <params>
            <param index="0">
              <value>
                <![CDATA[2]]>
              </value>
            </param>
            <param index="1">
              <value>
                <![CDATA[1]]>
              </value>
            </param>
            <param index="2">
              <value>
                <![CDATA[50]]>
              </value>
            </param>
            <param index="3">
              <value>
                <![CDATA[LOOD]]>
              </value>
            </param>
          </params>
          <reporter-output>
          </reporter-output>
        </test-method> <!-- EXCHANGEMONEY -->
        <test-method is-config="true" signature="logout()[pri:0, instance:sample.EXCHANGE_MONEY@5cee5251]" started-at="2023-01-02T17:12:47 IST" name="logout" finished-at="2023-01-02T17:12:49 IST" duration-ms="1998" status="PASS">
          <reporter-output>
          </reporter-output>
        </test-method> <!-- logout -->
        <test-method is-config="true" signature="login()[pri:0, instance:sample.EXCHANGE_MONEY@5cee5251]" started-at="2023-01-02T17:12:49 IST" name="login" finished-at="2023-01-02T17:12:52 IST" duration-ms="2811" status="PASS">
          <reporter-output>
          </reporter-output>
        </test-method> <!-- login -->
        <test-method signature="EXCHANGEMONEY(java.lang.String,java.lang.String,java.lang.String,java.lang.String)[pri:0, instance:sample.EXCHANGE_MONEY@5cee5251]" started-at="2023-01-02T17:12:52 IST" name="EXCHANGEMONEY" data-provider="EXCHANGEMONEY" finished-at="2023-01-02T17:12:56 IST" duration-ms="4061" status="PASS">
          <params>
            <param index="0">
              <value>
                <![CDATA[1]]>
              </value>
            </param>
            <param index="1">
              <value>
                <![CDATA[2]]>
              </value>
            </param>
            <param index="2">
              <value>
                <![CDATA[75]]>
              </value>
            </param>
            <param index="3">
              <value>
                <![CDATA[IOOY]]>
              </value>
            </param>
          </params>
          <reporter-output>
          </reporter-output>
        </test-method> <!-- EXCHANGEMONEY -->
        <test-method is-config="true" signature="logout()[pri:0, instance:sample.EXCHANGE_MONEY@5cee5251]" started-at="2023-01-02T17:12:56 IST" name="logout" finished-at="2023-01-02T17:12:58 IST" duration-ms="2210" status="PASS">
          <reporter-output>
          </reporter-output>
        </test-method> <!-- logout -->
        <test-method is-config="true" signature="login()[pri:0, instance:sample.EXCHANGE_MONEY@5cee5251]" started-at="2023-01-02T17:12:58 IST" name="login" finished-at="2023-01-02T17:13:05 IST" duration-ms="7032" status="PASS">
          <reporter-output>
          </reporter-output>
        </test-method> <!-- login -->
        <test-method signature="EXCHANGEMONEY(java.lang.String,java.lang.String,java.lang.String,java.lang.String)[pri:0, instance:sample.EXCHANGE_MONEY@5cee5251]" started-at="2023-01-02T17:13:05 IST" name="EXCHANGEMONEY" data-provider="EXCHANGEMONEY" finished-at="2023-01-02T17:13:09 IST" duration-ms="4100" status="PASS">
          <params>
            <param index="0">
              <value>
                <![CDATA[2]]>
              </value>
            </param>
            <param index="1">
              <value>
                <![CDATA[1]]>
              </value>
            </param>
            <param index="2">
              <value>
                <![CDATA[75]]>
              </value>
            </param>
            <param index="3">
              <value>
                <![CDATA[LOOI]]>
              </value>
            </param>
          </params>
          <reporter-output>
          </reporter-output>
        </test-method> <!-- EXCHANGEMONEY -->
        <test-method is-config="true" signature="logout()[pri:0, instance:sample.EXCHANGE_MONEY@5cee5251]" started-at="2023-01-02T17:13:09 IST" name="logout" finished-at="2023-01-02T17:13:11 IST" duration-ms="2039" status="PASS">
          <reporter-output>
          </reporter-output>
        </test-method> <!-- logout -->
        <test-method is-config="true" signature="login()[pri:0, instance:sample.EXCHANGE_MONEY@5cee5251]" started-at="2023-01-02T17:13:11 IST" name="login" finished-at="2023-01-02T17:13:15 IST" duration-ms="3316" status="PASS">
          <reporter-output>
          </reporter-output>
        </test-method> <!-- login -->
        <test-method signature="EXCHANGEMONEY(java.lang.String,java.lang.String,java.lang.String,java.lang.String)[pri:0, instance:sample.EXCHANGE_MONEY@5cee5251]" started-at="2023-01-02T17:13:15 IST" name="EXCHANGEMONEY" data-provider="EXCHANGEMONEY" finished-at="2023-01-02T17:13:19 IST" duration-ms="3830" status="PASS">
          <params>
            <param index="0">
              <value>
                <![CDATA[2]]>
              </value>
            </param>
            <param index="1">
              <value>
                <![CDATA[1]]>
              </value>
            </param>
            <param index="2">
              <value>
                <![CDATA[75]]>
              </value>
            </param>
            <param index="3">
              <value>
                <![CDATA[GTTTY]]>
              </value>
            </param>
          </params>
          <reporter-output>
          </reporter-output>
        </test-method> <!-- EXCHANGEMONEY -->
        <test-method is-config="true" signature="logout()[pri:0, instance:sample.EXCHANGE_MONEY@5cee5251]" started-at="2023-01-02T17:13:19 IST" name="logout" finished-at="2023-01-02T17:13:21 IST" duration-ms="1959" status="PASS">
          <reporter-output>
          </reporter-output>
        </test-method> <!-- logout -->
        <test-method is-config="true" signature="login()[pri:0, instance:sample.EXCHANGE_MONEY@5cee5251]" started-at="2023-01-02T17:13:21 IST" name="login" finished-at="2023-01-02T17:13:24 IST" duration-ms="3739" status="PASS">
          <reporter-output>
          </reporter-output>
        </test-method> <!-- login -->
        <test-method signature="EXCHANGEMONEY(java.lang.String,java.lang.String,java.lang.String,java.lang.String)[pri:0, instance:sample.EXCHANGE_MONEY@5cee5251]" started-at="2023-01-02T17:13:24 IST" name="EXCHANGEMONEY" data-provider="EXCHANGEMONEY" finished-at="2023-01-02T17:13:29 IST" duration-ms="4349" status="PASS">
          <params>
            <param index="0">
              <value>
                <![CDATA[1]]>
              </value>
            </param>
            <param index="1">
              <value>
                <![CDATA[2]]>
              </value>
            </param>
            <param index="2">
              <value>
                <![CDATA[75]]>
              </value>
            </param>
            <param index="3">
              <value>
                <![CDATA[UIU]]>
              </value>
            </param>
          </params>
          <reporter-output>
          </reporter-output>
        </test-method> <!-- EXCHANGEMONEY -->
        <test-method is-config="true" signature="logout()[pri:0, instance:sample.EXCHANGE_MONEY@5cee5251]" started-at="2023-01-02T17:13:29 IST" name="logout" finished-at="2023-01-02T17:13:31 IST" duration-ms="2101" status="PASS">
          <reporter-output>
          </reporter-output>
        </test-method> <!-- logout -->
        <test-method is-config="true" signature="Teardown()[pri:0, instance:sample.EXCHANGE_MONEY@5cee5251]" started-at="2023-01-02T17:13:31 IST" name="Teardown" finished-at="2023-01-02T17:13:31 IST" duration-ms="178" status="PASS">
          <reporter-output>
          </reporter-output>
        </test-method> <!-- Teardown -->
      </class> <!-- sample.EXCHANGE_MONEY -->
      <class name="sample.WIRE_TRANSFER">
        <test-method is-config="true" signature="setup()[pri:0, instance:sample.WIRE_TRANSFER@433d61fb]" started-at="2023-01-02T17:13:31 IST" name="setup" finished-at="2023-01-02T17:13:37 IST" duration-ms="6193" status="PASS">
          <reporter-output>
          </reporter-output>
        </test-method> <!-- setup -->
        <test-method is-config="true" signature="login()[pri:0, instance:sample.WIRE_TRANSFER@433d61fb]" started-at="2023-01-02T17:13:38 IST" name="login" finished-at="2023-01-02T17:13:42 IST" duration-ms="4182" status="PASS">
          <reporter-output>
          </reporter-output>
        </test-method> <!-- login -->
        <test-method signature="WIRETRANS(java.lang.String,java.lang.String,java.lang.String,java.lang.String,java.lang.String)[pri:0, instance:sample.WIRE_TRANSFER@433d61fb]" started-at="2023-01-02T17:13:42 IST" name="WIRETRANS" data-provider="WIREMONEY" finished-at="2023-01-02T17:13:45 IST" duration-ms="3465" status="PASS">
          <params>
            <param index="0">
              <value>
                <![CDATA[1]]>
              </value>
            </param>
            <param index="1">
              <value>
                <![CDATA[7036420206]]>
              </value>
            </param>
            <param index="2">
              <value>
                <![CDATA[saicharan]]>
              </value>
            </param>
            <param index="3">
              <value>
                <![CDATA[160]]>
              </value>
            </param>
            <param index="4">
              <value>
                <![CDATA[wire transfer]]>
              </value>
            </param>
          </params>
          <reporter-output>
          </reporter-output>
        </test-method> <!-- WIRETRANS -->
        <test-method is-config="true" signature="logout()[pri:0, instance:sample.WIRE_TRANSFER@433d61fb]" started-at="2023-01-02T17:13:45 IST" name="logout" finished-at="2023-01-02T17:13:48 IST" duration-ms="2162" status="PASS">
          <reporter-output>
          </reporter-output>
        </test-method> <!-- logout -->
        <test-method is-config="true" signature="login()[pri:0, instance:sample.WIRE_TRANSFER@433d61fb]" started-at="2023-01-02T17:13:48 IST" name="login" finished-at="2023-01-02T17:13:50 IST" duration-ms="2853" status="PASS">
          <reporter-output>
          </reporter-output>
        </test-method> <!-- login -->
        <test-method signature="WIRETRANS(java.lang.String,java.lang.String,java.lang.String,java.lang.String,java.lang.String)[pri:0, instance:sample.WIRE_TRANSFER@433d61fb]" started-at="2023-01-02T17:13:50 IST" name="WIRETRANS" data-provider="WIREMONEY" finished-at="2023-01-02T17:13:54 IST" duration-ms="3508" status="PASS">
          <params>
            <param index="0">
              <value>
                <![CDATA[1]]>
              </value>
            </param>
            <param index="1">
              <value>
                <![CDATA[8098909090]]>
              </value>
            </param>
            <param index="2">
              <value>
                <![CDATA[UUUUUU]]>
              </value>
            </param>
            <param index="3">
              <value>
                <![CDATA[120]]>
              </value>
            </param>
            <param index="4">
              <value>
                <![CDATA[WT]]>
              </value>
            </param>
          </params>
          <reporter-output>
          </reporter-output>
        </test-method> <!-- WIRETRANS -->
        <test-method is-config="true" signature="logout()[pri:0, instance:sample.WIRE_TRANSFER@433d61fb]" started-at="2023-01-02T17:13:54 IST" name="logout" finished-at="2023-01-02T17:13:57 IST" duration-ms="2636" status="PASS">
          <reporter-output>
          </reporter-output>
        </test-method> <!-- logout -->
        <test-method is-config="true" signature="login()[pri:0, instance:sample.WIRE_TRANSFER@433d61fb]" started-at="2023-01-02T17:13:57 IST" name="login" finished-at="2023-01-02T17:14:01 IST" duration-ms="4404" status="PASS">
          <reporter-output>
          </reporter-output>
        </test-method> <!-- login -->
        <test-method signature="WIRETRANS(java.lang.String,java.lang.String,java.lang.String,java.lang.String,java.lang.String)[pri:0, instance:sample.WIRE_TRANSFER@433d61fb]" started-at="2023-01-02T17:14:01 IST" name="WIRETRANS" data-provider="WIREMONEY" finished-at="2023-01-02T17:14:05 IST" duration-ms="3635" status="PASS">
          <params>
            <param index="0">
              <value>
                <![CDATA[1]]>
              </value>
            </param>
            <param index="1">
              <value>
                <![CDATA[6300231493]]>
              </value>
            </param>
            <param index="2">
              <value>
                <![CDATA[NNNBNN]]>
              </value>
            </param>
            <param index="3">
              <value>
                <![CDATA[150]]>
              </value>
            </param>
            <param index="4">
              <value>
                <![CDATA[IU]]>
              </value>
            </param>
          </params>
          <reporter-output>
          </reporter-output>
        </test-method> <!-- WIRETRANS -->
        <test-method is-config="true" signature="logout()[pri:0, instance:sample.WIRE_TRANSFER@433d61fb]" started-at="2023-01-02T17:14:05 IST" name="logout" finished-at="2023-01-02T17:14:07 IST" duration-ms="1947" status="PASS">
          <reporter-output>
          </reporter-output>
        </test-method> <!-- logout -->
        <test-method is-config="true" signature="login()[pri:0, instance:sample.WIRE_TRANSFER@433d61fb]" started-at="2023-01-02T17:14:07 IST" name="login" finished-at="2023-01-02T17:14:09 IST" duration-ms="2790" status="PASS">
          <reporter-output>
          </reporter-output>
        </test-method> <!-- login -->
        <test-method signature="WIRETRANS(java.lang.String,java.lang.String,java.lang.String,java.lang.String,java.lang.String)[pri:0, instance:sample.WIRE_TRANSFER@433d61fb]" started-at="2023-01-02T17:14:09 IST" name="WIRETRANS" data-provider="WIREMONEY" finished-at="2023-01-02T17:14:13 IST" duration-ms="3403" status="PASS">
          <params>
            <param index="0">
              <value>
                <![CDATA[1]]>
              </value>
            </param>
            <param index="1">
              <value>
                <![CDATA[9010344093]]>
              </value>
            </param>
            <param index="2">
              <value>
                <![CDATA[IJJJHJHJH]]>
              </value>
            </param>
            <param index="3">
              <value>
                <![CDATA[200]]>
              </value>
            </param>
            <param index="4">
              <value>
                <![CDATA[UY]]>
              </value>
            </param>
          </params>
          <reporter-output>
          </reporter-output>
        </test-method> <!-- WIRETRANS -->
        <test-method is-config="true" signature="logout()[pri:0, instance:sample.WIRE_TRANSFER@433d61fb]" started-at="2023-01-02T17:14:13 IST" name="logout" finished-at="2023-01-02T17:14:15 IST" duration-ms="1950" status="PASS">
          <reporter-output>
          </reporter-output>
        </test-method> <!-- logout -->
        <test-method is-config="true" signature="login()[pri:0, instance:sample.WIRE_TRANSFER@433d61fb]" started-at="2023-01-02T17:14:15 IST" name="login" finished-at="2023-01-02T17:14:18 IST" duration-ms="3015" status="PASS">
          <reporter-output>
          </reporter-output>
        </test-method> <!-- login -->
        <test-method signature="WIRETRANS(java.lang.String,java.lang.String,java.lang.String,java.lang.String,java.lang.String)[pri:0, instance:sample.WIRE_TRANSFER@433d61fb]" started-at="2023-01-02T17:14:18 IST" name="WIRETRANS" data-provider="WIREMONEY" finished-at="2023-01-02T17:14:21 IST" duration-ms="3225" status="PASS">
          <params>
            <param index="0">
              <value>
                <![CDATA[1]]>
              </value>
            </param>
            <param index="1">
              <value>
                <![CDATA[9849909090]]>
              </value>
            </param>
            <param index="2">
              <value>
                <![CDATA[KKKJKJKJKU]]>
              </value>
            </param>
            <param index="3">
              <value>
                <![CDATA[250]]>
              </value>
            </param>
            <param index="4">
              <value>
                <![CDATA[EW]]>
              </value>
            </param>
          </params>
          <reporter-output>
          </reporter-output>
        </test-method> <!-- WIRETRANS -->
        <test-method is-config="true" signature="logout()[pri:0, instance:sample.WIRE_TRANSFER@433d61fb]" started-at="2023-01-02T17:14:21 IST" name="logout" finished-at="2023-01-02T17:14:23 IST" duration-ms="2048" status="PASS">
          <reporter-output>
          </reporter-output>
        </test-method> <!-- logout -->
        <test-method is-config="true" signature="login()[pri:0, instance:sample.WIRE_TRANSFER@433d61fb]" started-at="2023-01-02T17:14:23 IST" name="login" finished-at="2023-01-02T17:14:27 IST" duration-ms="3779" status="PASS">
          <reporter-output>
          </reporter-output>
        </test-method> <!-- login -->
        <test-method signature="WIRETRANS(java.lang.String,java.lang.String,java.lang.String,java.lang.String,java.lang.String)[pri:0, instance:sample.WIRE_TRANSFER@433d61fb]" started-at="2023-01-02T17:14:27 IST" name="WIRETRANS" data-provider="WIREMONEY" finished-at="2023-01-02T17:14:31 IST" duration-ms="4367" status="PASS">
          <params>
            <param index="0">
              <value>
                <![CDATA[1]]>
              </value>
            </param>
            <param index="1">
              <value>
                <![CDATA[9879809090]]>
              </value>
            </param>
            <param index="2">
              <value>
                <![CDATA[LLKLKIKJKJJJ]]>
              </value>
            </param>
            <param index="3">
              <value>
                <![CDATA[300]]>
              </value>
            </param>
            <param index="4">
              <value>
                <![CDATA[WT]]>
              </value>
            </param>
          </params>
          <reporter-output>
          </reporter-output>
        </test-method> <!-- WIRETRANS -->
        <test-method is-config="true" signature="logout()[pri:0, instance:sample.WIRE_TRANSFER@433d61fb]" started-at="2023-01-02T17:14:31 IST" name="logout" finished-at="2023-01-02T17:14:34 IST" duration-ms="2401" status="PASS">
          <reporter-output>
          </reporter-output>
        </test-method> <!-- logout -->
        <test-method is-config="true" signature="login()[pri:0, instance:sample.WIRE_TRANSFER@433d61fb]" started-at="2023-01-02T17:14:34 IST" name="login" finished-at="2023-01-02T17:14:37 IST" duration-ms="3033" status="PASS">
          <reporter-output>
          </reporter-output>
        </test-method> <!-- login -->
        <test-method signature="WIRETRANS(java.lang.String,java.lang.String,java.lang.String,java.lang.String,java.lang.String)[pri:0, instance:sample.WIRE_TRANSFER@433d61fb]" started-at="2023-01-02T17:14:37 IST" name="WIRETRANS" data-provider="WIREMONEY" finished-at="2023-01-02T17:14:40 IST" duration-ms="3551" status="PASS">
          <params>
            <param index="0">
              <value>
                <![CDATA[1]]>
              </value>
            </param>
            <param index="1">
              <value>
                <![CDATA[9879809070]]>
              </value>
            </param>
            <param index="2">
              <value>
                <![CDATA[kkkRJTT]]>
              </value>
            </param>
            <param index="3">
              <value>
                <![CDATA[350]]>
              </value>
            </param>
            <param index="4">
              <value>
                <![CDATA[PPP]]>
              </value>
            </param>
          </params>
          <reporter-output>
          </reporter-output>
        </test-method> <!-- WIRETRANS -->
        <test-method is-config="true" signature="logout()[pri:0, instance:sample.WIRE_TRANSFER@433d61fb]" started-at="2023-01-02T17:14:40 IST" name="logout" finished-at="2023-01-02T17:14:44 IST" duration-ms="3946" status="PASS">
          <reporter-output>
          </reporter-output>
        </test-method> <!-- logout -->
        <test-method is-config="true" signature="login()[pri:0, instance:sample.WIRE_TRANSFER@433d61fb]" started-at="2023-01-02T17:14:44 IST" name="login" finished-at="2023-01-02T17:14:47 IST" duration-ms="3284" status="PASS">
          <reporter-output>
          </reporter-output>
        </test-method> <!-- login -->
        <test-method signature="WIRETRANS(java.lang.String,java.lang.String,java.lang.String,java.lang.String,java.lang.String)[pri:0, instance:sample.WIRE_TRANSFER@433d61fb]" started-at="2023-01-02T17:14:47 IST" name="WIRETRANS" data-provider="WIREMONEY" finished-at="2023-01-02T17:14:50 IST" duration-ms="3012" status="PASS">
          <params>
            <param index="0">
              <value>
                <![CDATA[1]]>
              </value>
            </param>
            <param index="1">
              <value>
                <![CDATA[9879809860]]>
              </value>
            </param>
            <param index="2">
              <value>
                <![CDATA[KIYUEGD]]>
              </value>
            </param>
            <param index="3">
              <value>
                <![CDATA[400]]>
              </value>
            </param>
            <param index="4">
              <value>
                <![CDATA[UUU]]>
              </value>
            </param>
          </params>
          <reporter-output>
          </reporter-output>
        </test-method> <!-- WIRETRANS -->
        <test-method is-config="true" signature="logout()[pri:0, instance:sample.WIRE_TRANSFER@433d61fb]" started-at="2023-01-02T17:14:50 IST" name="logout" finished-at="2023-01-02T17:14:53 IST" duration-ms="2271" status="PASS">
          <reporter-output>
          </reporter-output>
        </test-method> <!-- logout -->
        <test-method is-config="true" signature="Teardown()[pri:0, instance:sample.WIRE_TRANSFER@433d61fb]" started-at="2023-01-02T17:14:53 IST" name="Teardown" finished-at="2023-01-02T17:14:53 IST" duration-ms="182" status="PASS">
          <reporter-output>
          </reporter-output>
        </test-method> <!-- Teardown -->
      </class> <!-- sample.WIRE_TRANSFER -->
      <class name="sample.DASHBOARD_01">
        <test-method is-config="true" signature="setup()[pri:0, instance:sample.DASHBOARD_01@1ed1993a]" started-at="2023-01-02T17:07:53 IST" name="setup" finished-at="2023-01-02T17:08:02 IST" duration-ms="9953" status="PASS">
          <reporter-output>
          </reporter-output>
        </test-method> <!-- setup -->
        <test-method is-config="true" signature="login()[pri:0, instance:sample.DASHBOARD_01@1ed1993a]" started-at="2023-01-02T17:08:06 IST" name="login" finished-at="2023-01-02T17:08:11 IST" duration-ms="5191" status="PASS">
          <reporter-output>
          </reporter-output>
        </test-method> <!-- login -->
        <test-method signature="SUPPORTTICKET(java.lang.String,java.lang.String)[pri:0, instance:sample.DASHBOARD_01@1ed1993a]" started-at="2023-01-02T17:08:11 IST" name="SUPPORTTICKET" data-provider="OrgData" finished-at="2023-01-02T17:08:20 IST" duration-ms="9571" status="PASS">
          <params>
            <param index="0">
              <value>
                <![CDATA[wngal46@gmail.com]]>
              </value>
            </param>
            <param index="1">
              <value>
                <![CDATA[SAICHARAN]]>
              </value>
            </param>
          </params>
          <reporter-output>
          </reporter-output>
        </test-method> <!-- SUPPORTTICKET -->
        <test-method is-config="true" signature="logout()[pri:0, instance:sample.DASHBOARD_01@1ed1993a]" started-at="2023-01-02T17:08:20 IST" name="logout" finished-at="2023-01-02T17:08:23 IST" duration-ms="2239" status="PASS">
          <reporter-output>
          </reporter-output>
        </test-method> <!-- logout -->
        <test-method is-config="true" signature="login()[pri:0, instance:sample.DASHBOARD_01@1ed1993a]" started-at="2023-01-02T17:08:23 IST" name="login" finished-at="2023-01-02T17:08:27 IST" duration-ms="4468" status="PASS">
          <reporter-output>
          </reporter-output>
        </test-method> <!-- login -->
        <test-method signature="SUPPORTTICKET(java.lang.String,java.lang.String)[pri:0, instance:sample.DASHBOARD_01@1ed1993a]" started-at="2023-01-02T17:08:27 IST" name="SUPPORTTICKET" data-provider="OrgData" finished-at="2023-01-02T17:08:37 IST" duration-ms="9724" status="PASS">
          <params>
            <param index="0">
              <value>
                <![CDATA[GOOD]]>
              </value>
            </param>
            <param index="1">
              <value>
                <![CDATA[RIGHT]]>
              </value>
            </param>
          </params>
          <reporter-output>
          </reporter-output>
        </test-method> <!-- SUPPORTTICKET -->
        <test-method is-config="true" signature="logout()[pri:0, instance:sample.DASHBOARD_01@1ed1993a]" started-at="2023-01-02T17:08:37 IST" name="logout" finished-at="2023-01-02T17:08:39 IST" duration-ms="2131" status="PASS">
          <reporter-output>
          </reporter-output>
        </test-method> <!-- logout -->
        <test-method is-config="true" signature="login()[pri:0, instance:sample.DASHBOARD_01@1ed1993a]" started-at="2023-01-02T17:08:39 IST" name="login" finished-at="2023-01-02T17:08:44 IST" duration-ms="5083" status="PASS">
          <reporter-output>
          </reporter-output>
        </test-method> <!-- login -->
        <test-method signature="SUPPORTTICKET(java.lang.String,java.lang.String)[pri:0, instance:sample.DASHBOARD_01@1ed1993a]" started-at="2023-01-02T17:08:44 IST" name="SUPPORTTICKET" data-provider="OrgData" finished-at="2023-01-02T17:08:53 IST" duration-ms="9244" status="PASS">
          <params>
            <param index="0">
              <value>
                <![CDATA[FRIDAY]]>
              </value>
            </param>
            <param index="1">
              <value>
                <![CDATA[FRIDAY]]>
              </value>
            </param>
          </params>
          <reporter-output>
          </reporter-output>
        </test-method> <!-- SUPPORTTICKET -->
        <test-method is-config="true" signature="logout()[pri:0, instance:sample.DASHBOARD_01@1ed1993a]" started-at="2023-01-02T17:08:53 IST" name="logout" finished-at="2023-01-02T17:08:56 IST" duration-ms="2498" status="PASS">
          <reporter-output>
          </reporter-output>
        </test-method> <!-- logout -->
        <test-method is-config="true" signature="login()[pri:0, instance:sample.DASHBOARD_01@1ed1993a]" started-at="2023-01-02T17:08:56 IST" name="login" finished-at="2023-01-02T17:09:01 IST" duration-ms="4987" status="PASS">
          <reporter-output>
          </reporter-output>
        </test-method> <!-- login -->
        <test-method signature="SUPPORTTICKET(java.lang.String,java.lang.String)[pri:0, instance:sample.DASHBOARD_01@1ed1993a]" started-at="2023-01-02T17:09:01 IST" name="SUPPORTTICKET" data-provider="OrgData" finished-at="2023-01-02T17:09:11 IST" duration-ms="10131" status="PASS">
          <params>
            <param index="0">
              <value>
                <![CDATA[SATURDAY]]>
              </value>
            </param>
            <param index="1">
              <value>
                <![CDATA[SATURDAY]]>
              </value>
            </param>
          </params>
          <reporter-output>
          </reporter-output>
        </test-method> <!-- SUPPORTTICKET -->
        <test-method is-config="true" signature="logout()[pri:0, instance:sample.DASHBOARD_01@1ed1993a]" started-at="2023-01-02T17:09:11 IST" name="logout" finished-at="2023-01-02T17:09:14 IST" duration-ms="2883" status="PASS">
          <reporter-output>
          </reporter-output>
        </test-method> <!-- logout -->
        <test-method is-config="true" signature="login()[pri:0, instance:sample.DASHBOARD_01@1ed1993a]" started-at="2023-01-02T17:09:14 IST" name="login" finished-at="2023-01-02T17:09:18 IST" duration-ms="3901" status="PASS">
          <reporter-output>
          </reporter-output>
        </test-method> <!-- login -->
        <test-method signature="SUPPORTTICKET(java.lang.String,java.lang.String)[pri:0, instance:sample.DASHBOARD_01@1ed1993a]" started-at="2023-01-02T17:09:18 IST" name="SUPPORTTICKET" data-provider="OrgData" finished-at="2023-01-02T17:09:26 IST" duration-ms="8303" status="PASS">
          <params>
            <param index="0">
              <value>
                <![CDATA[SUNDAY]]>
              </value>
            </param>
            <param index="1">
              <value>
                <![CDATA[SUNDAY]]>
              </value>
            </param>
          </params>
          <reporter-output>
          </reporter-output>
        </test-method> <!-- SUPPORTTICKET -->
        <test-method is-config="true" signature="logout()[pri:0, instance:sample.DASHBOARD_01@1ed1993a]" started-at="2023-01-02T17:09:26 IST" name="logout" finished-at="2023-01-02T17:09:28 IST" duration-ms="2227" status="PASS">
          <reporter-output>
          </reporter-output>
        </test-method> <!-- logout -->
        <test-method is-config="true" signature="login()[pri:0, instance:sample.DASHBOARD_01@1ed1993a]" started-at="2023-01-02T17:09:28 IST" name="login" finished-at="2023-01-02T17:09:32 IST" duration-ms="3658" status="PASS">
          <reporter-output>
          </reporter-output>
        </test-method> <!-- login -->
        <test-method signature="SUPPORTTICKET(java.lang.String,java.lang.String)[pri:0, instance:sample.DASHBOARD_01@1ed1993a]" started-at="2023-01-02T17:09:32 IST" name="SUPPORTTICKET" data-provider="OrgData" finished-at="2023-01-02T17:09:40 IST" duration-ms="8029" status="PASS">
          <params>
            <param index="0">
              <value>
                <![CDATA[MONDAY]]>
              </value>
            </param>
            <param index="1">
              <value>
                <![CDATA[MONDAY]]>
              </value>
            </param>
          </params>
          <reporter-output>
          </reporter-output>
        </test-method> <!-- SUPPORTTICKET -->
        <test-method is-config="true" signature="logout()[pri:0, instance:sample.DASHBOARD_01@1ed1993a]" started-at="2023-01-02T17:09:40 IST" name="logout" finished-at="2023-01-02T17:09:42 IST" duration-ms="2149" status="PASS">
          <reporter-output>
          </reporter-output>
        </test-method> <!-- logout -->
        <test-method is-config="true" signature="login()[pri:0, instance:sample.DASHBOARD_01@1ed1993a]" started-at="2023-01-02T17:09:42 IST" name="login" finished-at="2023-01-02T17:09:45 IST" duration-ms="2908" status="PASS">
          <reporter-output>
          </reporter-output>
        </test-method> <!-- login -->
        <test-method signature="SUPPORTTICKET(java.lang.String,java.lang.String)[pri:0, instance:sample.DASHBOARD_01@1ed1993a]" started-at="2023-01-02T17:09:45 IST" name="SUPPORTTICKET" data-provider="OrgData" finished-at="2023-01-02T17:09:53 IST" duration-ms="8518" status="PASS">
          <params>
            <param index="0">
              <value>
                <![CDATA[TUESDAY]]>
              </value>
            </param>
            <param index="1">
              <value>
                <![CDATA[TUESDAY]]>
              </value>
            </param>
          </params>
          <reporter-output>
          </reporter-output>
        </test-method> <!-- SUPPORTTICKET -->
        <test-method is-config="true" signature="logout()[pri:0, instance:sample.DASHBOARD_01@1ed1993a]" started-at="2023-01-02T17:09:53 IST" name="logout" finished-at="2023-01-02T17:09:56 IST" duration-ms="2397" status="PASS">
          <reporter-output>
          </reporter-output>
        </test-method> <!-- logout -->
        <test-method is-config="true" signature="login()[pri:0, instance:sample.DASHBOARD_01@1ed1993a]" started-at="2023-01-02T17:09:56 IST" name="login" finished-at="2023-01-02T17:10:03 IST" duration-ms="7144" status="PASS">
          <reporter-output>
          </reporter-output>
        </test-method> <!-- login -->
        <test-method signature="SUPPORTTICKET(java.lang.String,java.lang.String)[pri:0, instance:sample.DASHBOARD_01@1ed1993a]" started-at="2023-01-02T17:10:03 IST" name="SUPPORTTICKET" data-provider="OrgData" finished-at="2023-01-02T17:10:13 IST" duration-ms="10051" status="PASS">
          <params>
            <param index="0">
              <value>
                <![CDATA[WEDNESDAY]]>
              </value>
            </param>
            <param index="1">
              <value>
                <![CDATA[WEDNESDAY]]>
              </value>
            </param>
          </params>
          <reporter-output>
          </reporter-output>
        </test-method> <!-- SUPPORTTICKET -->
        <test-method is-config="true" signature="logout()[pri:0, instance:sample.DASHBOARD_01@1ed1993a]" started-at="2023-01-02T17:10:13 IST" name="logout" finished-at="2023-01-02T17:10:16 IST" duration-ms="2571" status="PASS">
          <reporter-output>
          </reporter-output>
        </test-method> <!-- logout -->
        <test-method is-config="true" signature="Teardown()[pri:0, instance:sample.DASHBOARD_01@1ed1993a]" started-at="2023-01-02T17:10:16 IST" name="Teardown" finished-at="2023-01-02T17:10:16 IST" duration-ms="186" status="PASS">
          <reporter-output>
          </reporter-output>
        </test-method> <!-- Teardown -->
      </class> <!-- sample.DASHBOARD_01 -->
      <class name="sample.SEND_MONEY">
        <test-method is-config="true" signature="setup()[pri:0, instance:sample.SEND_MONEY@7adda9cc]" started-at="2023-01-02T17:10:16 IST" name="setup" finished-at="2023-01-02T17:10:23 IST" duration-ms="7005" status="PASS">
          <reporter-output>
          </reporter-output>
        </test-method> <!-- setup -->
        <test-method is-config="true" signature="login()[pri:0, instance:sample.SEND_MONEY@7adda9cc]" started-at="2023-01-02T17:10:24 IST" name="login" finished-at="2023-01-02T17:10:33 IST" duration-ms="9535" status="PASS">
          <reporter-output>
          </reporter-output>
        </test-method> <!-- login -->
        <test-method signature="SENDMONEY(java.lang.String,java.lang.String,java.lang.String,java.lang.String)[pri:0, instance:sample.SEND_MONEY@7adda9cc]" started-at="2023-01-02T17:10:33 IST" name="SENDMONEY" data-provider="SENDMONEY" finished-at="2023-01-02T17:10:37 IST" duration-ms="4157" status="PASS">
          <params>
            <param index="0">
              <value>
                <![CDATA[1234554322]]>
              </value>
            </param>
            <param index="1">
              <value>
                <![CDATA[1]]>
              </value>
            </param>
            <param index="2">
              <value>
                <![CDATA[100]]>
              </value>
            </param>
            <param index="3">
              <value>
                <![CDATA[FOOD DEPOSIT]]>
              </value>
            </param>
          </params>
          <reporter-output>
          </reporter-output>
        </test-method> <!-- SENDMONEY -->
        <test-method is-config="true" signature="logout()[pri:0, instance:sample.SEND_MONEY@7adda9cc]" started-at="2023-01-02T17:10:37 IST" name="logout" finished-at="2023-01-02T17:10:40 IST" duration-ms="2355" status="PASS">
          <reporter-output>
          </reporter-output>
        </test-method> <!-- logout -->
        <test-method is-config="true" signature="login()[pri:0, instance:sample.SEND_MONEY@7adda9cc]" started-at="2023-01-02T17:10:40 IST" name="login" finished-at="2023-01-02T17:10:45 IST" duration-ms="5545" status="PASS">
          <reporter-output>
          </reporter-output>
        </test-method> <!-- login -->
        <test-method signature="SENDMONEY(java.lang.String,java.lang.String,java.lang.String,java.lang.String)[pri:0, instance:sample.SEND_MONEY@7adda9cc]" started-at="2023-01-02T17:10:45 IST" name="SENDMONEY" data-provider="SENDMONEY" finished-at="2023-01-02T17:10:49 IST" duration-ms="4109" status="PASS">
          <params>
            <param index="0">
              <value>
                <![CDATA[1234554322]]>
              </value>
            </param>
            <param index="1">
              <value>
                <![CDATA[1]]>
              </value>
            </param>
            <param index="2">
              <value>
                <![CDATA[300]]>
              </value>
            </param>
            <param index="3">
              <value>
                <![CDATA[fOOD DEPOSIT_1]]>
              </value>
            </param>
          </params>
          <reporter-output>
          </reporter-output>
        </test-method> <!-- SENDMONEY -->
        <test-method is-config="true" signature="logout()[pri:0, instance:sample.SEND_MONEY@7adda9cc]" started-at="2023-01-02T17:10:49 IST" name="logout" finished-at="2023-01-02T17:10:52 IST" duration-ms="2143" status="PASS">
          <reporter-output>
          </reporter-output>
        </test-method> <!-- logout -->
        <test-method is-config="true" signature="login()[pri:0, instance:sample.SEND_MONEY@7adda9cc]" started-at="2023-01-02T17:10:52 IST" name="login" finished-at="2023-01-02T17:10:55 IST" duration-ms="3070" status="PASS">
          <reporter-output>
          </reporter-output>
        </test-method> <!-- login -->
        <test-method signature="SENDMONEY(java.lang.String,java.lang.String,java.lang.String,java.lang.String)[pri:0, instance:sample.SEND_MONEY@7adda9cc]" started-at="2023-01-02T17:10:55 IST" name="SENDMONEY" data-provider="SENDMONEY" finished-at="2023-01-02T17:11:00 IST" duration-ms="4952" status="PASS">
          <params>
            <param index="0">
              <value>
                <![CDATA[1234554322]]>
              </value>
            </param>
            <param index="1">
              <value>
                <![CDATA[1]]>
              </value>
            </param>
            <param index="2">
              <value>
                <![CDATA[500]]>
              </value>
            </param>
            <param index="3">
              <value>
                <![CDATA[fOOD DEPOSIT_2]]>
              </value>
            </param>
          </params>
          <reporter-output>
          </reporter-output>
        </test-method> <!-- SENDMONEY -->
        <test-method is-config="true" signature="logout()[pri:0, instance:sample.SEND_MONEY@7adda9cc]" started-at="2023-01-02T17:11:00 IST" name="logout" finished-at="2023-01-02T17:11:05 IST" duration-ms="5837" status="PASS">
          <reporter-output>
          </reporter-output>
        </test-method> <!-- logout -->
        <test-method is-config="true" signature="login()[pri:0, instance:sample.SEND_MONEY@7adda9cc]" started-at="2023-01-02T17:11:05 IST" name="login" finished-at="2023-01-02T17:11:10 IST" duration-ms="4063" status="PASS">
          <reporter-output>
          </reporter-output>
        </test-method> <!-- login -->
        <test-method signature="SENDMONEY(java.lang.String,java.lang.String,java.lang.String,java.lang.String)[pri:0, instance:sample.SEND_MONEY@7adda9cc]" started-at="2023-01-02T17:11:10 IST" name="SENDMONEY" data-provider="SENDMONEY" finished-at="2023-01-02T17:11:14 IST" duration-ms="4250" status="PASS">
          <params>
            <param index="0">
              <value>
                <![CDATA[1234554322]]>
              </value>
            </param>
            <param index="1">
              <value>
                <![CDATA[1]]>
              </value>
            </param>
            <param index="2">
              <value>
                <![CDATA[700]]>
              </value>
            </param>
            <param index="3">
              <value>
                <![CDATA[fOOD DEPOSIT_3]]>
              </value>
            </param>
          </params>
          <reporter-output>
          </reporter-output>
        </test-method> <!-- SENDMONEY -->
        <test-method is-config="true" signature="logout()[pri:0, instance:sample.SEND_MONEY@7adda9cc]" started-at="2023-01-02T17:11:14 IST" name="logout" finished-at="2023-01-02T17:11:16 IST" duration-ms="2301" status="PASS">
          <reporter-output>
          </reporter-output>
        </test-method> <!-- logout -->
        <test-method is-config="true" signature="login()[pri:0, instance:sample.SEND_MONEY@7adda9cc]" started-at="2023-01-02T17:11:16 IST" name="login" finished-at="2023-01-02T17:11:19 IST" duration-ms="3042" status="PASS">
          <reporter-output>
          </reporter-output>
        </test-method> <!-- login -->
        <test-method signature="SENDMONEY(java.lang.String,java.lang.String,java.lang.String,java.lang.String)[pri:0, instance:sample.SEND_MONEY@7adda9cc]" started-at="2023-01-02T17:11:19 IST" name="SENDMONEY" data-provider="SENDMONEY" finished-at="2023-01-02T17:11:23 IST" duration-ms="4255" status="PASS">
          <params>
            <param index="0">
              <value>
                <![CDATA[1234554322]]>
              </value>
            </param>
            <param index="1">
              <value>
                <![CDATA[1]]>
              </value>
            </param>
            <param index="2">
              <value>
                <![CDATA[900]]>
              </value>
            </param>
            <param index="3">
              <value>
                <![CDATA[fOOD DEPOSIT_4]]>
              </value>
            </param>
          </params>
          <reporter-output>
          </reporter-output>
        </test-method> <!-- SENDMONEY -->
        <test-method is-config="true" signature="logout()[pri:0, instance:sample.SEND_MONEY@7adda9cc]" started-at="2023-01-02T17:11:23 IST" name="logout" finished-at="2023-01-02T17:11:26 IST" duration-ms="2329" status="PASS">
          <reporter-output>
          </reporter-output>
        </test-method> <!-- logout -->
        <test-method is-config="true" signature="login()[pri:0, instance:sample.SEND_MONEY@7adda9cc]" started-at="2023-01-02T17:11:26 IST" name="login" finished-at="2023-01-02T17:11:30 IST" duration-ms="4795" status="PASS">
          <reporter-output>
          </reporter-output>
        </test-method> <!-- login -->
        <test-method signature="SENDMONEY(java.lang.String,java.lang.String,java.lang.String,java.lang.String)[pri:0, instance:sample.SEND_MONEY@7adda9cc]" started-at="2023-01-02T17:11:30 IST" name="SENDMONEY" data-provider="SENDMONEY" finished-at="2023-01-02T17:11:35 IST" duration-ms="4421" status="PASS">
          <params>
            <param index="0">
              <value>
                <![CDATA[1234554322]]>
              </value>
            </param>
            <param index="1">
              <value>
                <![CDATA[1]]>
              </value>
            </param>
            <param index="2">
              <value>
                <![CDATA[1100]]>
              </value>
            </param>
            <param index="3">
              <value>
                <![CDATA[fOOD DEPOSIT_5]]>
              </value>
            </param>
          </params>
          <reporter-output>
          </reporter-output>
        </test-method> <!-- SENDMONEY -->
        <test-method is-config="true" signature="logout()[pri:0, instance:sample.SEND_MONEY@7adda9cc]" started-at="2023-01-02T17:11:35 IST" name="logout" finished-at="2023-01-02T17:11:37 IST" duration-ms="2462" status="PASS">
          <reporter-output>
          </reporter-output>
        </test-method> <!-- logout -->
        <test-method is-config="true" signature="login()[pri:0, instance:sample.SEND_MONEY@7adda9cc]" started-at="2023-01-02T17:11:37 IST" name="login" finished-at="2023-01-02T17:11:40 IST" duration-ms="3091" status="PASS">
          <reporter-output>
          </reporter-output>
        </test-method> <!-- login -->
        <test-method signature="SENDMONEY(java.lang.String,java.lang.String,java.lang.String,java.lang.String)[pri:0, instance:sample.SEND_MONEY@7adda9cc]" started-at="2023-01-02T17:11:40 IST" name="SENDMONEY" data-provider="SENDMONEY" finished-at="2023-01-02T17:11:44 IST" duration-ms="3977" status="PASS">
          <params>
            <param index="0">
              <value>
                <![CDATA[1234554322]]>
              </value>
            </param>
            <param index="1">
              <value>
                <![CDATA[1]]>
              </value>
            </param>
            <param index="2">
              <value>
                <![CDATA[1300]]>
              </value>
            </param>
            <param index="3">
              <value>
                <![CDATA[fOOD DEPOSIT_6]]>
              </value>
            </param>
          </params>
          <reporter-output>
          </reporter-output>
        </test-method> <!-- SENDMONEY -->
        <test-method is-config="true" signature="logout()[pri:0, instance:sample.SEND_MONEY@7adda9cc]" started-at="2023-01-02T17:11:44 IST" name="logout" finished-at="2023-01-02T17:11:47 IST" duration-ms="2140" status="PASS">
          <reporter-output>
          </reporter-output>
        </test-method> <!-- logout -->
        <test-method is-config="true" signature="login()[pri:0, instance:sample.SEND_MONEY@7adda9cc]" started-at="2023-01-02T17:11:47 IST" name="login" finished-at="2023-01-02T17:11:50 IST" duration-ms="2970" status="PASS">
          <reporter-output>
          </reporter-output>
        </test-method> <!-- login -->
        <test-method signature="SENDMONEY(java.lang.String,java.lang.String,java.lang.String,java.lang.String)[pri:0, instance:sample.SEND_MONEY@7adda9cc]" started-at="2023-01-02T17:11:50 IST" name="SENDMONEY" data-provider="SENDMONEY" finished-at="2023-01-02T17:11:53 IST" duration-ms="3796" status="PASS">
          <params>
            <param index="0">
              <value>
                <![CDATA[1234554322]]>
              </value>
            </param>
            <param index="1">
              <value>
                <![CDATA[1]]>
              </value>
            </param>
            <param index="2">
              <value>
                <![CDATA[1500]]>
              </value>
            </param>
            <param index="3">
              <value>
                <![CDATA[fOOD DEPOSIT_7]]>
              </value>
            </param>
          </params>
          <reporter-output>
          </reporter-output>
        </test-method> <!-- SENDMONEY -->
        <test-method is-config="true" signature="logout()[pri:0, instance:sample.SEND_MONEY@7adda9cc]" started-at="2023-01-02T17:11:53 IST" name="logout" finished-at="2023-01-02T17:11:55 IST" duration-ms="2064" status="PASS">
          <reporter-output>
          </reporter-output>
        </test-method> <!-- logout -->
        <test-method is-config="true" signature="Teardown()[pri:0, instance:sample.SEND_MONEY@7adda9cc]" started-at="2023-01-02T17:11:55 IST" name="Teardown" finished-at="2023-01-02T17:11:56 IST" duration-ms="176" status="PASS">
          <reporter-output>
          </reporter-output>
        </test-method> <!-- Teardown -->
      </class> <!-- sample.SEND_MONEY -->
    </test> <!-- Test -->
  </suite> <!-- Suite -->
</testng-results>
